#
# There is insufficient memory for the Java Runtime Environment to continue.
# Native memory allocation (mmap) failed to map 57671680 bytes for G1 virtual space
# Possible reasons:
#   The system is out of physical RAM or swap space
#   The process is running with CompressedOops enabled, and the Java Heap may be blocking the growth of the native heap
# Possible solutions:
#   Reduce memory load on the system
#   Increase physical memory or swap space
#   Check if swap backing store is full
#   Decrease Java heap size (-Xmx/-Xms)
#   Decrease number of Java threads
#   Decrease Java thread stack sizes (-Xss)
#   Set larger code cache with -XX:ReservedCodeCacheSize=
#   JVM is running with Unscaled Compressed Oops mode in which the Java heap is
#     placed in the first 4GB address space. The Java Heap base address is the
#     maximum limit for the native heap growth. Please use -XX:HeapBaseMinAddress
#     to set the Java Heap base and to place the Java Heap above 4GB virtual address.
# This output file may be truncated or incomplete.
#
#  Out of Memory Error (os_windows.cpp:3559), pid=6720, tid=2064
#
# JRE version: OpenJDK Runtime Environment Temurin-17.0.7+7 (17.0.7+7) (build 17.0.7+7)
# Java VM: OpenJDK 64-Bit Server VM Temurin-17.0.7+7 (17.0.7+7, mixed mode, emulated-client, tiered, compressed oops, compressed class ptrs, g1 gc, windows-amd64)
# No core dump will be written. Minidumps are not enabled by default on client versions of Windows
#

---------------  S U M M A R Y ------------

Command Line: -Dcom.sun.management.jmxremote -Dcom.sun.management.jmxremote.port=50534 -Dcom.sun.management.jmxremote.authenticate=false -Dcom.sun.management.jmxremote.ssl=false -Djava.rmi.server.hostname=localhost -Dspring.jmx.enabled=true -Dmanagement.endpoints.jmx.exposure.include=* -Dspring.application.admin.enabled=true -XX:TieredStopAtLevel=1 -Dspring.boot.project.name=DATN_WEB_BAN_DO_NOI_THAT -Dfile.encoding=UTF-8 -XX:+ShowCodeDetailsInExceptionMessages com.binh.DatnWebBanDoNoiThatApplicationn --spring.output.ansi.enabled=always

Host: Intel(R) Core(TM) i5-1035G1 CPU @ 1.00GHz, 8 cores, 7G,  Windows 10 , 64 bit Build 19041 (10.0.19041.3636)
Time: Fri Apr 12 18:49:24 2024 SE Asia Standard Time elapsed time: 13234.334045 seconds (0d 3h 40m 34s)

---------------  T H R E A D  ---------------

Current thread (0x000001afd6283490):  VMThread "VM Thread" [stack: 0x0000003357300000,0x0000003357400000] [id=2064]

Stack: [0x0000003357300000,0x0000003357400000]
Native frames: (J=compiled Java code, j=interpreted, Vv=VM code, C=native code)
V  [jvm.dll+0x67754a]
V  [jvm.dll+0x834304]
V  [jvm.dll+0x835aae]
V  [jvm.dll+0x836113]
V  [jvm.dll+0x24696f]
V  [jvm.dll+0x6743f9]
V  [jvm.dll+0x668c8a]
V  [jvm.dll+0x3061bb]
V  [jvm.dll+0x30d6a6]
V  [jvm.dll+0x35cece]
V  [jvm.dll+0x35d0ff]
V  [jvm.dll+0x2dd048]
V  [jvm.dll+0x2db20c]
V  [jvm.dll+0x2da7dc]
V  [jvm.dll+0x31e6db]
V  [jvm.dll+0x83a5bb]
V  [jvm.dll+0x83b2f4]
V  [jvm.dll+0x83b80c]
V  [jvm.dll+0x83bbe4]
V  [jvm.dll+0x83bcb0]
V  [jvm.dll+0x7e4e7a]
V  [jvm.dll+0x676395]
C  [ucrtbase.dll+0x21bb2]
C  [KERNEL32.DLL+0x17344]
C  [ntdll.dll+0x526b1]

VM_Operation (0x0000003358dfab90): G1CollectForAllocation, mode: safepoint, requested by thread 0x000001afd6ecd0c0


---------------  P R O C E S S  ---------------

Threads class SMR info:
_java_thread_list=0x000001afe21c8040, length=32, elements={
0x000001afd6287e20, 0x000001afd62889d0, 0x000001afd62ae040, 0x000001afd62ae9f0,
0x000001afd62e23d0, 0x000001afd62e4d90, 0x000001afd62f0d00, 0x000001afd62f16f0,
0x000001afd621f6e0, 0x000001afd64b6070, 0x000001afd6b9fb50, 0x000001afd6b92cd0,
0x000001afd6c7d010, 0x000001afd6c46220, 0x000001afd6c45880, 0x000001afd6c44ee0,
0x000001afd6c453b0, 0x000001afd6ec66e0, 0x000001afd6ecc720, 0x000001afd6ec7ef0,
0x000001afd6c44a10, 0x000001afd6c45d50, 0x000001afd6eca570, 0x000001afd6ecaf10,
0x000001afd6ecd0c0, 0x000001afd6ec83c0, 0x000001afe2a16630, 0x000001afd6ecbd80,
0x000001afe2585880, 0x000001afd6ecaa40, 0x000001afd6ec6210, 0x000001afd6ec9230
}

Java Threads: ( => current thread )
  0x000001afd6287e20 JavaThread "Reference Handler" daemon [_thread_blocked, id=13244, stack(0x0000003357400000,0x0000003357500000)]
  0x000001afd62889d0 JavaThread "Finalizer" daemon [_thread_blocked, id=11952, stack(0x0000003357500000,0x0000003357600000)]
  0x000001afd62ae040 JavaThread "Signal Dispatcher" daemon [_thread_blocked, id=14176, stack(0x0000003357600000,0x0000003357700000)]
  0x000001afd62ae9f0 JavaThread "Attach Listener" daemon [_thread_blocked, id=7636, stack(0x0000003357700000,0x0000003357800000)]
  0x000001afd62e23d0 JavaThread "Service Thread" daemon [_thread_blocked, id=14312, stack(0x0000003357800000,0x0000003357900000)]
  0x000001afd62e4d90 JavaThread "Monitor Deflation Thread" daemon [_thread_blocked, id=14152, stack(0x0000003357900000,0x0000003357a00000)]
  0x000001afd62f0d00 JavaThread "C1 CompilerThread0" daemon [_thread_blocked, id=11216, stack(0x0000003357a00000,0x0000003357b00000)]
  0x000001afd62f16f0 JavaThread "Sweeper thread" daemon [_thread_blocked, id=12124, stack(0x0000003357b00000,0x0000003357c00000)]
  0x000001afd621f6e0 JavaThread "Common-Cleaner" daemon [_thread_blocked, id=8908, stack(0x0000003357c00000,0x0000003357d00000)]
  0x000001afd64b6070 JavaThread "Notification Thread" daemon [_thread_blocked, id=4920, stack(0x0000003357e00000,0x0000003357f00000)]
  0x000001afd6b9fb50 JavaThread "RMI TCP Accept-0" daemon [_thread_in_native, id=13628, stack(0x0000003357f00000,0x0000003358000000)]
  0x000001afd6b92cd0 JavaThread "RMI TCP Accept-50534" daemon [_thread_in_native, id=452, stack(0x0000003358000000,0x0000003358100000)]
  0x000001afd6c7d010 JavaThread "RMI TCP Accept-0" daemon [_thread_in_native, id=13464, stack(0x0000003358100000,0x0000003358200000)]
  0x000001afd6c46220 JavaThread "RMI Scheduler(0)" daemon [_thread_blocked, id=1012, stack(0x0000003358e00000,0x0000003358f00000)]
  0x000001afd6c45880 JavaThread "RMI TCP Connection(228)-127.0.0.1" daemon [_thread_in_native, id=8920, stack(0x0000003358f00000,0x0000003359000000)]
  0x000001afd6c44ee0 JavaThread "JMX server connection timeout 25" daemon [_thread_blocked, id=10056, stack(0x0000003359000000,0x0000003359100000)]
  0x000001afd6c453b0 JavaThread "mysql-cj-abandoned-connection-cleanup" daemon [_thread_blocked, id=10472, stack(0x0000003359100000,0x0000003359200000)]
  0x000001afd6ec66e0 JavaThread "Live Reload Server" daemon [_thread_in_native, id=11204, stack(0x0000003359d00000,0x0000003359e00000)]
  0x000001afd6ecc720 JavaThread "DestroyJavaVM" [_thread_blocked, id=2472, stack(0x0000003356d00000,0x0000003356e00000)]
  0x000001afd6ec7ef0 JavaThread "File Watcher" daemon [_thread_blocked, id=4768, stack(0x0000003357d00000,0x0000003357e00000)]
  0x000001afd6c44a10 JavaThread "RMI TCP Connection(229)-127.0.0.1" daemon [_thread_in_native, id=14988, stack(0x0000003356a00000,0x0000003356b00000)]
  0x000001afd6c45d50 JavaThread "RMI TCP Connection(230)-127.0.0.1" daemon [_thread_in_native, id=5900, stack(0x0000003358c00000,0x0000003358d00000)]
  0x000001afd6eca570 JavaThread "RMI TCP Connection(231)-127.0.0.1" daemon [_thread_in_native, id=3184, stack(0x000000335a700000,0x000000335a800000)]
  0x000001afd6ecaf10 JavaThread "Thread-7" [_thread_blocked, id=11016, stack(0x0000003359300000,0x0000003359400000)]
  0x000001afd6ecd0c0 JavaThread "restartedMain" [_thread_blocked, id=11180, stack(0x0000003358d00000,0x0000003358e00000)]
  0x000001afd6ec83c0 JavaThread "HikariPool-4 housekeeper" daemon [_thread_blocked, id=11680, stack(0x0000003359400000,0x0000003359500000)]
  0x000001afe2a16630 JavaThread "C1 CompilerThread1" daemon [_thread_blocked, id=12876, stack(0x0000003359500000,0x0000003359600000)]
  0x000001afd6ecbd80 JavaThread "HikariPool-4 connection adder" daemon [_thread_blocked, id=1676, stack(0x0000003359600000,0x0000003359700000)]
  0x000001afe2585880 JavaThread "C1 CompilerThread2" daemon [_thread_blocked, id=14124, stack(0x0000003359700000,0x0000003359800000)]
  0x000001afd6ecaa40 JavaThread "Catalina-utility-1" [_thread_blocked, id=10956, stack(0x0000003359800000,0x0000003359900000)]
  0x000001afd6ec6210 JavaThread "Catalina-utility-2" [_thread_blocked, id=12592, stack(0x0000003359900000,0x0000003359a00000)]
  0x000001afd6ec9230 JavaThread "container-1" [_thread_blocked, id=13056, stack(0x0000003359a00000,0x0000003359b00000)]

Other Threads:
=>0x000001afd6283490 VMThread "VM Thread" [stack: 0x0000003357300000,0x0000003357400000] [id=2064]
  0x000001afc86179e0 WatcherThread [stack: 0x0000003358200000,0x0000003358300000] [id=13740]
  0x000001afc85f9640 GCTaskThread "GC Thread#0" [stack: 0x0000003356e00000,0x0000003356f00000] [id=12640]
  0x000001afd6f91590 GCTaskThread "GC Thread#1" [stack: 0x0000003358300000,0x0000003358400000] [id=1420]
  0x000001afdb51a040 GCTaskThread "GC Thread#2" [stack: 0x0000003358400000,0x0000003358500000] [id=1920]
  0x000001afdb53dd30 GCTaskThread "GC Thread#3" [stack: 0x0000003358500000,0x0000003358600000] [id=11940]
  0x000001afdb53e3f0 GCTaskThread "GC Thread#4" [stack: 0x0000003358600000,0x0000003358700000] [id=5368]
  0x000001afdb53e6a0 GCTaskThread "GC Thread#5" [stack: 0x0000003358700000,0x0000003358800000] [id=14216]
  0x000001afdb53ed60 GCTaskThread "GC Thread#6" [stack: 0x0000003358800000,0x0000003358900000] [id=13116]
  0x000001afdb53f430 GCTaskThread "GC Thread#7" [stack: 0x0000003358900000,0x0000003358a00000] [id=1668]
  0x000001afc860b670 ConcurrentGCThread "G1 Main Marker" [stack: 0x0000003356f00000,0x0000003357000000] [id=14160]
  0x000001afc860c080 ConcurrentGCThread "G1 Conc#0" [stack: 0x0000003357000000,0x0000003357100000] [id=1424]
  0x000001afdb7a0020 ConcurrentGCThread "G1 Conc#1" [stack: 0x0000003359200000,0x0000003359300000] [id=13336]
  0x000001afc865e880 ConcurrentGCThread "G1 Refine#0" [stack: 0x0000003357100000,0x0000003357200000] [id=7716]
  0x000001afd66438e0 ConcurrentGCThread "G1 Refine#1" [stack: 0x0000003358a00000,0x0000003358b00000] [id=12712]
  0x000001afd60ec460 ConcurrentGCThread "G1 Service" [stack: 0x0000003357200000,0x0000003357300000] [id=9824]

Threads with active compile tasks:

VM state: at safepoint (normal execution)

VM Mutex/Monitor currently owned by a thread:  ([mutex/lock_event])
[0x000001afc859b090] Threads_lock - owner thread: 0x000001afd6283490
[0x000001afc859c8c0] Heap_lock - owner thread: 0x000001afd6ecd0c0

Heap address: 0x0000000083600000, size: 1994 MB, Compressed Oops mode: 32-bit

CDS archive(s) not mapped
Compressed class space mapped at: 0x0000000100000000-0x0000000140000000, reserved size: 1073741824
Narrow klass base: 0x0000000000000000, Narrow klass shift: 3, Narrow klass range: 0x140000000

GC Precious Log:
 CPUs: 8 total, 8 available
 Memory: 7969M
 Large Page Support: Disabled
 NUMA Support: Disabled
 Compressed Oops: Enabled (32-bit)
 Heap Region Size: 1M
 Heap Min Capacity: 8M
 Heap Initial Capacity: 126M
 Heap Max Capacity: 1994M
 Pre-touch: Disabled
 Parallel Workers: 8
 Concurrent Workers: 2
 Concurrent Refinement Workers: 8
 Periodic GC: Disabled

Heap:
 garbage-first heap   total 129024K, used 42955K [0x0000000083600000, 0x0000000100000000)
  region size 1024K, 3 young (3072K), 3 survivors (3072K)
 Metaspace       used 94208K, committed 94848K, reserved 1179648K
  class space    used 13122K, committed 13376K, reserved 1048576K

Heap Regions: E=young(eden), S=young(survivor), O=old, HS=humongous(starts), HC=humongous(continues), CS=collection set, F=free, OA=open archive, CA=closed archive, TAMS=top-at-mark-start (previous, next)
|   0|0x0000000083600000, 0x0000000083700000, 0x0000000083700000|100%|HS|  |TAMS 0x0000000083700000, 0x0000000083600000| Untracked 
|   1|0x0000000083700000, 0x0000000083800000, 0x0000000083800000|100%| O|  |TAMS 0x0000000083800000, 0x0000000083700000| Untracked 
|   2|0x0000000083800000, 0x0000000083900000, 0x0000000083900000|100%| O|  |TAMS 0x0000000083900000, 0x0000000083800000| Untracked 
|   3|0x0000000083900000, 0x0000000083a00000, 0x0000000083a00000|100%| O|  |TAMS 0x0000000083a00000, 0x0000000083900000| Untracked 
|   4|0x0000000083a00000, 0x0000000083affeb8, 0x0000000083b00000| 99%| O|  |TAMS 0x0000000083affeb8, 0x0000000083a00000| Untracked 
|   5|0x0000000083b00000, 0x0000000083bfff98, 0x0000000083c00000| 99%| O|  |TAMS 0x0000000083b00000, 0x0000000083b00000| Untracked 
|   6|0x0000000083c00000, 0x0000000083d00000, 0x0000000083d00000|100%| O|  |TAMS 0x0000000083d00000, 0x0000000083c00000| Untracked 
|   7|0x0000000083d00000, 0x0000000083e00000, 0x0000000083e00000|100%| O|  |TAMS 0x0000000083e00000, 0x0000000083d00000| Untracked 
|   8|0x0000000083e00000, 0x0000000083efffc8, 0x0000000083f00000| 99%| O|  |TAMS 0x0000000083e00000, 0x0000000083e00000| Untracked 
|   9|0x0000000083f00000, 0x0000000083ffffc0, 0x0000000084000000| 99%| O|  |TAMS 0x0000000083f00000, 0x0000000083f00000| Untracked 
|  10|0x0000000084000000, 0x00000000840ffff0, 0x0000000084100000| 99%| O|  |TAMS 0x0000000084000000, 0x0000000084000000| Untracked 
|  11|0x0000000084100000, 0x00000000841ffff0, 0x0000000084200000| 99%| O|  |TAMS 0x0000000084100000, 0x0000000084100000| Untracked 
|  12|0x0000000084200000, 0x00000000842ffff0, 0x0000000084300000| 99%| O|  |TAMS 0x0000000084200000, 0x0000000084200000| Untracked 
|  13|0x0000000084300000, 0x00000000843ffff8, 0x0000000084400000| 99%| O|  |TAMS 0x0000000084300000, 0x0000000084300000| Untracked 
|  14|0x0000000084400000, 0x00000000844ffff8, 0x0000000084500000| 99%| O|  |TAMS 0x0000000084400000, 0x0000000084400000| Untracked 
|  15|0x0000000084500000, 0x00000000845ffff8, 0x0000000084600000| 99%| O|  |TAMS 0x0000000084500000, 0x0000000084500000| Untracked 
|  16|0x0000000084600000, 0x00000000846ffff0, 0x0000000084700000| 99%| O|  |TAMS 0x0000000084600000, 0x0000000084600000| Untracked 
|  17|0x0000000084700000, 0x00000000847ff680, 0x0000000084800000| 99%| O|  |TAMS 0x0000000084700000, 0x0000000084700000| Untracked 
|  18|0x0000000084800000, 0x00000000848ffff8, 0x0000000084900000| 99%| O|  |TAMS 0x0000000084800000, 0x0000000084800000| Untracked 
|  19|0x0000000084900000, 0x0000000084a00000, 0x0000000084a00000|100%| O|  |TAMS 0x0000000084900000, 0x0000000084900000| Untracked 
|  20|0x0000000084a00000, 0x0000000084b00000, 0x0000000084b00000|100%| O|  |TAMS 0x0000000084a00000, 0x0000000084a00000| Untracked 
|  21|0x0000000084b00000, 0x0000000084bfffe8, 0x0000000084c00000| 99%| O|  |TAMS 0x0000000084b00000, 0x0000000084b00000| Untracked 
|  22|0x0000000084c00000, 0x0000000084cffff8, 0x0000000084d00000| 99%| O|  |TAMS 0x0000000084c00000, 0x0000000084c00000| Untracked 
|  23|0x0000000084d00000, 0x0000000084e00000, 0x0000000084e00000|100%| O|  |TAMS 0x0000000084d00000, 0x0000000084d00000| Untracked 
|  24|0x0000000084e00000, 0x0000000084f00000, 0x0000000084f00000|100%| O|  |TAMS 0x0000000084e00000, 0x0000000084e00000| Untracked 
|  25|0x0000000084f00000, 0x0000000084ffffd8, 0x0000000085000000| 99%| O|  |TAMS 0x0000000084f00000, 0x0000000084f00000| Untracked 
|  26|0x0000000085000000, 0x0000000085100000, 0x0000000085100000|100%| O|  |TAMS 0x0000000085000000, 0x0000000085000000| Untracked 
|  27|0x0000000085100000, 0x0000000085200000, 0x0000000085200000|100%| O|  |TAMS 0x0000000085100000, 0x0000000085100000| Untracked 
|  28|0x0000000085200000, 0x00000000852fffd0, 0x0000000085300000| 99%| O|  |TAMS 0x0000000085200000, 0x0000000085200000| Untracked 
|  29|0x0000000085300000, 0x00000000853ffff8, 0x0000000085400000| 99%| O|  |TAMS 0x0000000085300000, 0x0000000085300000| Untracked 
|  30|0x0000000085400000, 0x00000000854cf808, 0x0000000085500000| 81%| O|  |TAMS 0x0000000085400000, 0x0000000085400000| Untracked 
|  31|0x0000000085500000, 0x000000008554c698, 0x0000000085600000| 29%| O|  |TAMS 0x0000000085500000, 0x0000000085500000| Untracked 
|  32|0x0000000085600000, 0x00000000856de128, 0x0000000085700000| 86%| O|  |TAMS 0x0000000085600000, 0x0000000085600000| Untracked 
|  33|0x0000000085700000, 0x0000000085766e58, 0x0000000085800000| 40%| O|  |TAMS 0x0000000085700000, 0x0000000085700000| Untracked 
|  34|0x0000000085800000, 0x0000000085900000, 0x0000000085900000|100%| O|  |TAMS 0x0000000085800000, 0x0000000085800000| Untracked 
|  35|0x0000000085900000, 0x000000008591b6e8, 0x0000000085a00000| 10%| O|  |TAMS 0x0000000085900000, 0x0000000085900000| Untracked 
|  36|0x0000000085a00000, 0x0000000085b00000, 0x0000000085b00000|100%| O|  |TAMS 0x0000000085a00000, 0x0000000085a00000| Untracked 
|  37|0x0000000085b00000, 0x0000000085c00000, 0x0000000085c00000|100%| O|  |TAMS 0x0000000085b00000, 0x0000000085b00000| Untracked 
|  38|0x0000000085c00000, 0x0000000085d00000, 0x0000000085d00000|100%| O|  |TAMS 0x0000000085c00000, 0x0000000085c00000| Untracked 
|  39|0x0000000085d00000, 0x0000000085e00000, 0x0000000085e00000|100%| O|  |TAMS 0x0000000085d00000, 0x0000000085d00000| Untracked 
|  40|0x0000000085e00000, 0x0000000085f00000, 0x0000000085f00000|100%| O|  |TAMS 0x0000000085e00000, 0x0000000085e00000| Untracked 
|  41|0x0000000085f00000, 0x0000000085fd5a00, 0x0000000086000000| 83%| O|  |TAMS 0x0000000085f00000, 0x0000000085f00000| Untracked 
|  42|0x0000000086000000, 0x0000000086000000, 0x0000000086100000|  0%| F|  |TAMS 0x0000000086000000, 0x0000000086000000| Untracked 
|  43|0x0000000086100000, 0x0000000086100000, 0x0000000086200000|  0%| F|  |TAMS 0x0000000086100000, 0x0000000086100000| Untracked 
|  44|0x0000000086200000, 0x0000000086200000, 0x0000000086300000|  0%| F|  |TAMS 0x0000000086200000, 0x0000000086200000| Untracked 
|  45|0x0000000086300000, 0x0000000086300000, 0x0000000086400000|  0%| F|  |TAMS 0x0000000086300000, 0x0000000086300000| Untracked 
|  46|0x0000000086400000, 0x0000000086400000, 0x0000000086500000|  0%| F|  |TAMS 0x0000000086400000, 0x0000000086400000| Untracked 
|  47|0x0000000086500000, 0x0000000086500000, 0x0000000086600000|  0%| F|  |TAMS 0x0000000086500000, 0x0000000086500000| Untracked 
|  48|0x0000000086600000, 0x0000000086600000, 0x0000000086700000|  0%| F|  |TAMS 0x0000000086600000, 0x0000000086600000| Untracked 
|  49|0x0000000086700000, 0x0000000086700000, 0x0000000086800000|  0%| F|  |TAMS 0x0000000086700000, 0x0000000086700000| Untracked 
|  50|0x0000000086800000, 0x0000000086800000, 0x0000000086900000|  0%| F|  |TAMS 0x0000000086800000, 0x0000000086800000| Untracked 
|  51|0x0000000086900000, 0x0000000086900000, 0x0000000086a00000|  0%| F|  |TAMS 0x0000000086900000, 0x0000000086900000| Untracked 
|  52|0x0000000086a00000, 0x0000000086a00000, 0x0000000086b00000|  0%| F|  |TAMS 0x0000000086a00000, 0x0000000086a00000| Untracked 
|  53|0x0000000086b00000, 0x0000000086b00000, 0x0000000086c00000|  0%| F|  |TAMS 0x0000000086b00000, 0x0000000086b00000| Untracked 
|  54|0x0000000086c00000, 0x0000000086c00000, 0x0000000086d00000|  0%| F|  |TAMS 0x0000000086c00000, 0x0000000086c00000| Untracked 
|  55|0x0000000086d00000, 0x0000000086d00000, 0x0000000086e00000|  0%| F|  |TAMS 0x0000000086d00000, 0x0000000086d00000| Untracked 
|  56|0x0000000086e00000, 0x0000000086ea1980, 0x0000000086f00000| 63%| S|CS|TAMS 0x0000000086e00000, 0x0000000086e00000| Complete 
|  57|0x0000000086f00000, 0x0000000087000000, 0x0000000087000000|100%| S|CS|TAMS 0x0000000086f00000, 0x0000000086f00000| Complete 
|  58|0x0000000087000000, 0x0000000087000000, 0x0000000087100000|  0%| F|  |TAMS 0x0000000087000000, 0x0000000087000000| Untracked 
|  59|0x0000000087100000, 0x0000000087100000, 0x0000000087200000|  0%| F|  |TAMS 0x0000000087100000, 0x0000000087100000| Untracked 
|  60|0x0000000087200000, 0x0000000087300000, 0x0000000087300000|100%| S|CS|TAMS 0x0000000087200000, 0x0000000087200000| Complete 
|  61|0x0000000087300000, 0x0000000087300000, 0x0000000087400000|  0%| F|  |TAMS 0x0000000087300000, 0x0000000087300000| Untracked 
|  62|0x0000000087400000, 0x0000000087400000, 0x0000000087500000|  0%| F|  |TAMS 0x0000000087400000, 0x0000000087400000| Untracked 
|  63|0x0000000087500000, 0x0000000087500000, 0x0000000087600000|  0%| F|  |TAMS 0x0000000087500000, 0x0000000087500000| Untracked 
|  64|0x0000000087600000, 0x0000000087600000, 0x0000000087700000|  0%| F|  |TAMS 0x0000000087600000, 0x0000000087600000| Untracked 
|  65|0x0000000087700000, 0x0000000087700000, 0x0000000087800000|  0%| F|  |TAMS 0x0000000087700000, 0x0000000087700000| Untracked 
|  66|0x0000000087800000, 0x0000000087800000, 0x0000000087900000|  0%| F|  |TAMS 0x0000000087800000, 0x0000000087800000| Untracked 
|  67|0x0000000087900000, 0x0000000087900000, 0x0000000087a00000|  0%| F|  |TAMS 0x0000000087900000, 0x0000000087900000| Untracked 
|  68|0x0000000087a00000, 0x0000000087a00000, 0x0000000087b00000|  0%| F|  |TAMS 0x0000000087a00000, 0x0000000087a00000| Untracked 
|  69|0x0000000087b00000, 0x0000000087b00000, 0x0000000087c00000|  0%| F|  |TAMS 0x0000000087b00000, 0x0000000087b00000| Untracked 
|  70|0x0000000087c00000, 0x0000000087c00000, 0x0000000087d00000|  0%| F|  |TAMS 0x0000000087c00000, 0x0000000087c00000| Untracked 
|  71|0x0000000087d00000, 0x0000000087d00000, 0x0000000087e00000|  0%| F|  |TAMS 0x0000000087d00000, 0x0000000087d00000| Untracked 
|  72|0x0000000087e00000, 0x0000000087e00000, 0x0000000087f00000|  0%| F|  |TAMS 0x0000000087e00000, 0x0000000087e00000| Untracked 
|  73|0x0000000087f00000, 0x0000000087f00000, 0x0000000088000000|  0%| F|  |TAMS 0x0000000087f00000, 0x0000000087f00000| Untracked 
|  74|0x0000000088000000, 0x0000000088000000, 0x0000000088100000|  0%| F|  |TAMS 0x0000000088000000, 0x0000000088000000| Untracked 
|  75|0x0000000088100000, 0x0000000088100000, 0x0000000088200000|  0%| F|  |TAMS 0x0000000088100000, 0x0000000088100000| Untracked 
|  76|0x0000000088200000, 0x0000000088200000, 0x0000000088300000|  0%| F|  |TAMS 0x0000000088200000, 0x0000000088200000| Untracked 
|  77|0x0000000088300000, 0x0000000088300000, 0x0000000088400000|  0%| F|  |TAMS 0x0000000088300000, 0x0000000088300000| Untracked 
|  78|0x0000000088400000, 0x0000000088400000, 0x0000000088500000|  0%| F|  |TAMS 0x0000000088400000, 0x0000000088400000| Untracked 
|  79|0x0000000088500000, 0x0000000088500000, 0x0000000088600000|  0%| F|  |TAMS 0x0000000088500000, 0x0000000088500000| Untracked 
|  80|0x0000000088600000, 0x0000000088600000, 0x0000000088700000|  0%| F|  |TAMS 0x0000000088600000, 0x0000000088600000| Untracked 
|  81|0x0000000088700000, 0x0000000088700000, 0x0000000088800000|  0%| F|  |TAMS 0x0000000088700000, 0x0000000088700000| Untracked 
|  82|0x0000000088800000, 0x0000000088800000, 0x0000000088900000|  0%| F|  |TAMS 0x0000000088800000, 0x0000000088800000| Untracked 
|  83|0x0000000088900000, 0x0000000088900000, 0x0000000088a00000|  0%| F|  |TAMS 0x0000000088900000, 0x0000000088900000| Untracked 
|  84|0x0000000088a00000, 0x0000000088a00000, 0x0000000088b00000|  0%| F|  |TAMS 0x0000000088a00000, 0x0000000088a00000| Untracked 
|  85|0x0000000088b00000, 0x0000000088b00000, 0x0000000088c00000|  0%| F|  |TAMS 0x0000000088b00000, 0x0000000088b00000| Untracked 
|  86|0x0000000088c00000, 0x0000000088c00000, 0x0000000088d00000|  0%| F|  |TAMS 0x0000000088c00000, 0x0000000088c00000| Untracked 
|  87|0x0000000088d00000, 0x0000000088d00000, 0x0000000088e00000|  0%| F|  |TAMS 0x0000000088d00000, 0x0000000088d00000| Untracked 
|  88|0x0000000088e00000, 0x0000000088e00000, 0x0000000088f00000|  0%| F|  |TAMS 0x0000000088e00000, 0x0000000088e00000| Untracked 
|  89|0x0000000088f00000, 0x0000000088f00000, 0x0000000089000000|  0%| F|  |TAMS 0x0000000088f00000, 0x0000000088f00000| Untracked 
|  90|0x0000000089000000, 0x0000000089000000, 0x0000000089100000|  0%| F|  |TAMS 0x0000000089000000, 0x0000000089000000| Untracked 
|  91|0x0000000089100000, 0x0000000089100000, 0x0000000089200000|  0%| F|  |TAMS 0x0000000089100000, 0x0000000089100000| Untracked 
|  92|0x0000000089200000, 0x0000000089200000, 0x0000000089300000|  0%| F|  |TAMS 0x0000000089200000, 0x0000000089200000| Untracked 
|  93|0x0000000089300000, 0x0000000089300000, 0x0000000089400000|  0%| F|  |TAMS 0x0000000089300000, 0x0000000089300000| Untracked 
|  94|0x0000000089400000, 0x0000000089400000, 0x0000000089500000|  0%| F|  |TAMS 0x0000000089400000, 0x0000000089400000| Untracked 
|  95|0x0000000089500000, 0x0000000089500000, 0x0000000089600000|  0%| F|  |TAMS 0x0000000089500000, 0x0000000089500000| Untracked 
|  96|0x0000000089600000, 0x0000000089600000, 0x0000000089700000|  0%| F|  |TAMS 0x0000000089600000, 0x0000000089600000| Untracked 
|  97|0x0000000089700000, 0x0000000089700000, 0x0000000089800000|  0%| F|  |TAMS 0x0000000089700000, 0x0000000089700000| Untracked 
|  98|0x0000000089800000, 0x0000000089800000, 0x0000000089900000|  0%| F|  |TAMS 0x0000000089800000, 0x0000000089800000| Untracked 
|  99|0x0000000089900000, 0x0000000089900000, 0x0000000089a00000|  0%| F|  |TAMS 0x0000000089900000, 0x0000000089900000| Untracked 
| 100|0x0000000089a00000, 0x0000000089a00000, 0x0000000089b00000|  0%| F|  |TAMS 0x0000000089a00000, 0x0000000089a00000| Untracked 
| 101|0x0000000089b00000, 0x0000000089b00000, 0x0000000089c00000|  0%| F|  |TAMS 0x0000000089b00000, 0x0000000089b00000| Untracked 
| 102|0x0000000089c00000, 0x0000000089c00000, 0x0000000089d00000|  0%| F|  |TAMS 0x0000000089c00000, 0x0000000089c00000| Untracked 
| 103|0x0000000089d00000, 0x0000000089d00000, 0x0000000089e00000|  0%| F|  |TAMS 0x0000000089d00000, 0x0000000089d00000| Untracked 
| 104|0x0000000089e00000, 0x0000000089e00000, 0x0000000089f00000|  0%| F|  |TAMS 0x0000000089e00000, 0x0000000089e00000| Untracked 
| 105|0x0000000089f00000, 0x0000000089f00000, 0x000000008a000000|  0%| F|  |TAMS 0x0000000089f00000, 0x0000000089f00000| Untracked 
| 106|0x000000008a000000, 0x000000008a000000, 0x000000008a100000|  0%| F|  |TAMS 0x000000008a000000, 0x000000008a000000| Untracked 
| 107|0x000000008a100000, 0x000000008a100000, 0x000000008a200000|  0%| F|  |TAMS 0x000000008a100000, 0x000000008a100000| Untracked 
| 108|0x000000008a200000, 0x000000008a200000, 0x000000008a300000|  0%| F|  |TAMS 0x000000008a200000, 0x000000008a200000| Untracked 
| 109|0x000000008a300000, 0x000000008a300000, 0x000000008a400000|  0%| F|  |TAMS 0x000000008a300000, 0x000000008a300000| Untracked 
| 110|0x000000008a400000, 0x000000008a400000, 0x000000008a500000|  0%| F|  |TAMS 0x000000008a400000, 0x000000008a400000| Untracked 
| 111|0x000000008a500000, 0x000000008a500000, 0x000000008a600000|  0%| F|  |TAMS 0x000000008a500000, 0x000000008a500000| Untracked 
| 112|0x000000008a600000, 0x000000008a600000, 0x000000008a700000|  0%| F|  |TAMS 0x000000008a600000, 0x000000008a600000| Untracked 
| 113|0x000000008a700000, 0x000000008a700000, 0x000000008a800000|  0%| F|  |TAMS 0x000000008a700000, 0x000000008a700000| Untracked 
| 114|0x000000008a800000, 0x000000008a800000, 0x000000008a900000|  0%| F|  |TAMS 0x000000008a800000, 0x000000008a800000| Untracked 
| 115|0x000000008a900000, 0x000000008a900000, 0x000000008aa00000|  0%| F|  |TAMS 0x000000008a900000, 0x000000008a900000| Untracked 
| 116|0x000000008aa00000, 0x000000008aa00000, 0x000000008ab00000|  0%| F|  |TAMS 0x000000008aa00000, 0x000000008aa00000| Untracked 
| 117|0x000000008ab00000, 0x000000008ab00000, 0x000000008ac00000|  0%| F|  |TAMS 0x000000008ab00000, 0x000000008ab00000| Untracked 
| 118|0x000000008ac00000, 0x000000008ac00000, 0x000000008ad00000|  0%| F|  |TAMS 0x000000008ac00000, 0x000000008ac00000| Untracked 
| 119|0x000000008ad00000, 0x000000008ad00000, 0x000000008ae00000|  0%| F|  |TAMS 0x000000008ad00000, 0x000000008ad00000| Untracked 
| 120|0x000000008ae00000, 0x000000008ae00000, 0x000000008af00000|  0%| F|  |TAMS 0x000000008ae00000, 0x000000008ae00000| Untracked 
| 121|0x000000008af00000, 0x000000008af00000, 0x000000008b000000|  0%| F|  |TAMS 0x000000008af00000, 0x000000008af00000| Untracked 
| 122|0x000000008b000000, 0x000000008b000000, 0x000000008b100000|  0%| F|  |TAMS 0x000000008b000000, 0x000000008b000000| Untracked 
| 123|0x000000008b100000, 0x000000008b100000, 0x000000008b200000|  0%| F|  |TAMS 0x000000008b100000, 0x000000008b100000| Untracked 
| 124|0x000000008b200000, 0x000000008b200000, 0x000000008b300000|  0%| F|  |TAMS 0x000000008b200000, 0x000000008b200000| Untracked 
| 125|0x000000008b300000, 0x000000008b300000, 0x000000008b400000|  0%| F|  |TAMS 0x000000008b300000, 0x000000008b300000| Untracked 

Card table byte_map: [0x000001afcf150000,0x000001afcf540000] _byte_map_base: 0x000001afced35000

Marking Bits (Prev, Next): (CMBitMap*) 0x000001afc85fac60, (CMBitMap*) 0x000001afc85faca0
 Prev Bits: [0x000001afcf930000, 0x000001afd1858000)
 Next Bits: [0x000001afd1860000, 0x000001afd3788000)

Polling page: 0x000001afc6480000

Metaspace:

Usage:
  Non-class:     79.19 MB used.
      Class:     12.81 MB used.
       Both:     92.00 MB used.

Virtual space:
  Non-class space:      128.00 MB reserved,      79.56 MB ( 62%) committed,  2 nodes.
      Class space:        1.00 GB reserved,      13.06 MB (  1%) committed,  1 nodes.
             Both:        1.12 GB reserved,      92.62 MB (  8%) committed. 

Chunk freelists:
   Non-Class:  176.00 KB
       Class:  2.88 MB
        Both:  3.05 MB

MaxMetaspaceSize: unlimited
CompressedClassSpaceSize: 1.00 GB
Initial GC threshold: 21.00 MB
Current GC threshold: 152.94 MB
CDS: off
MetaspaceReclaimPolicy: balanced
 - commit_granule_bytes: 65536.
 - commit_granule_words: 8192.
 - virtual_space_node_default_size: 8388608.
 - enlarge_chunks_in_place: 1.
 - new_chunks_are_fully_committed: 0.
 - uncommit_free_chunks: 1.
 - use_allocation_guard: 0.
 - handle_deallocations: 1.


Internal statistics:

num_allocs_failed_limit: 9.
num_arena_births: 1420.
num_arena_deaths: 522.
num_vsnodes_births: 3.
num_vsnodes_deaths: 0.
num_space_committed: 1482.
num_space_uncommitted: 0.
num_chunks_returned_to_freelist: 668.
num_chunks_taken_from_freelist: 4993.
num_chunk_merges: 192.
num_chunk_splits: 3164.
num_chunks_enlarged: 2247.
num_inconsistent_stats: 0.

CodeCache: size=49152Kb used=29475Kb max_used=29475Kb free=19677Kb
 bounds [0x000001afcbc50000, 0x000001afcd920000, 0x000001afcec50000]
 total_blobs=17390 nmethods=16661 adapters=653
 compilation: enabled
              stopped_count=0, restarted_count=0
 full_count=0

Compilation events (20 events):
Event: 13234.173 Thread 0x000001afe2a16630 nmethod 16827 0x000001afcd915a90 code [0x000001afcd915c20, 0x000001afcd915d08]
Event: 13234.173 Thread 0x000001afd62f0d00 nmethod 16828 0x000001afcd915d90 code [0x000001afcd915fc0, 0x000001afcd9163e8]
Event: 13234.173 Thread 0x000001afd62f0d00 16829       1       org.hibernate.query.sqm.tree.select.SqmQuerySpec::setSelectClause (6 bytes)
Event: 13234.174 Thread 0x000001afd62f0d00 nmethod 16829 0x000001afcd916610 code [0x000001afcd9167a0, 0x000001afcd9168b8]
Event: 13234.190 Thread 0x000001afd62f0d00 16830       1       org.springframework.beans.factory.config.RuntimeBeanReference::getBeanType (5 bytes)
Event: 13234.190 Thread 0x000001afe2585880 16831       1       org.springframework.beans.factory.config.RuntimeBeanReference::isToParent (5 bytes)
Event: 13234.190 Thread 0x000001afd62f0d00 nmethod 16830 0x000001afcd916910 code [0x000001afcd916aa0, 0x000001afcd916b78]
Event: 13234.190 Thread 0x000001afe2585880 nmethod 16831 0x000001afcd916c10 code [0x000001afcd916da0, 0x000001afcd916e78]
Event: 13234.236 Thread 0x000001afe2585880 16832       1       org.springframework.data.util.ClassTypeInformation::getSuperTypeInformation (6 bytes)
Event: 13234.236 Thread 0x000001afe2585880 nmethod 16832 0x000001afcd916f10 code [0x000001afcd9170a0, 0x000001afcd917188]
Event: 13234.257 Thread 0x000001afe2585880 16833       1       org.springframework.cglib.core.CodeEmitter::create_arg_array (68 bytes)
Event: 13234.258 Thread 0x000001afe2585880 nmethod 16833 0x000001afcd917210 code [0x000001afcd917420, 0x000001afcd917768]
Event: 13234.266 Thread 0x000001afe2585880 16834       1       jdk.internal.reflect.AccessorGenerator::typeSizeInStackSlots (27 bytes)
Event: 13234.266 Thread 0x000001afe2585880 nmethod 16834 0x000001afcd917b10 code [0x000001afcd917cc0, 0x000001afcd917e18]
Event: 13234.274 Thread 0x000001afe2585880 16835       1       org.springframework.aop.framework.AdvisedSupport::getProxiedInterfaces (8 bytes)
Event: 13234.275 Thread 0x000001afe2585880 nmethod 16835 0x000001afcd917e90 code [0x000001afcd918040, 0x000001afcd918218]
Event: 13234.320 Thread 0x000001afe2585880 16836       1       java.util.regex.Pattern$Start::<init> (35 bytes)
Event: 13234.321 Thread 0x000001afe2585880 nmethod 16836 0x000001afcd918310 code [0x000001afcd9184c0, 0x000001afcd9186e8]
Event: 13234.321 Thread 0x000001afe2585880 16837       1       java.util.AbstractList$RandomAccessSpliterator::<init> (82 bytes)
Event: 13234.322 Thread 0x000001afe2585880 nmethod 16837 0x000001afcd918790 code [0x000001afcd918920, 0x000001afcd918b58]

GC Heap History (20 events):
Event: 13224.244 GC heap after
{Heap after GC invocations=117 (full 1):
 garbage-first heap   total 100352K, used 48951K [0x0000000083600000, 0x0000000100000000)
  region size 1024K, 3 young (3072K), 3 survivors (3072K)
 Metaspace       used 92731K, committed 93376K, reserved 1179648K
  class space    used 12996K, committed 13248K, reserved 1048576K
}
Event: 13224.499 GC heap before
{Heap before GC invocations=118 (full 1):
 garbage-first heap   total 100352K, used 81719K [0x0000000083600000, 0x0000000100000000)
  region size 1024K, 35 young (35840K), 3 survivors (3072K)
 Metaspace       used 92930K, committed 93632K, reserved 1179648K
  class space    used 13007K, committed 13312K, reserved 1048576K
}
Event: 13224.503 GC heap after
{Heap after GC invocations=119 (full 1):
 garbage-first heap   total 100352K, used 49595K [0x0000000083600000, 0x0000000100000000)
  region size 1024K, 2 young (2048K), 2 survivors (2048K)
 Metaspace       used 92930K, committed 93632K, reserved 1179648K
  class space    used 13007K, committed 13312K, reserved 1048576K
}
Event: 13224.510 GC heap before
{Heap before GC invocations=119 (full 1):
 garbage-first heap   total 100352K, used 51643K [0x0000000083600000, 0x0000000100000000)
  region size 1024K, 4 young (4096K), 2 survivors (2048K)
 Metaspace       used 92930K, committed 93632K, reserved 1179648K
  class space    used 13007K, committed 13312K, reserved 1048576K
}
Event: 13224.513 GC heap after
{Heap after GC invocations=120 (full 1):
 garbage-first heap   total 100352K, used 49440K [0x0000000083600000, 0x0000000100000000)
  region size 1024K, 1 young (1024K), 1 survivors (1024K)
 Metaspace       used 92930K, committed 93632K, reserved 1179648K
  class space    used 13007K, committed 13312K, reserved 1048576K
}
Event: 13224.682 GC heap before
{Heap before GC invocations=120 (full 1):
 garbage-first heap   total 100352K, used 82208K [0x0000000083600000, 0x0000000100000000)
  region size 1024K, 33 young (33792K), 1 survivors (1024K)
 Metaspace       used 93282K, committed 93952K, reserved 1179648K
  class space    used 13029K, committed 13312K, reserved 1048576K
}
Event: 13224.683 GC heap after
{Heap after GC invocations=121 (full 1):
 garbage-first heap   total 100352K, used 50075K [0x0000000083600000, 0x0000000100000000)
  region size 1024K, 1 young (1024K), 1 survivors (1024K)
 Metaspace       used 93282K, committed 93952K, reserved 1179648K
  class space    used 13029K, committed 13312K, reserved 1048576K
}
Event: 13225.587 GC heap before
{Heap before GC invocations=122 (full 1):
 garbage-first heap   total 100352K, used 83867K [0x0000000083600000, 0x0000000100000000)
  region size 1024K, 34 young (34816K), 1 survivors (1024K)
 Metaspace       used 93319K, committed 93952K, reserved 1179648K
  class space    used 13036K, committed 13312K, reserved 1048576K
}
Event: 13225.593 GC heap after
{Heap after GC invocations=123 (full 1):
 garbage-first heap   total 100352K, used 53124K [0x0000000083600000, 0x0000000100000000)
  region size 1024K, 4 young (4096K), 4 survivors (4096K)
 Metaspace       used 93319K, committed 93952K, reserved 1179648K
  class space    used 13036K, committed 13312K, reserved 1048576K
}
Event: 13228.281 GC heap before
{Heap before GC invocations=123 (full 1):
 garbage-first heap   total 100352K, used 54148K [0x0000000083600000, 0x0000000100000000)
  region size 1024K, 5 young (5120K), 4 survivors (4096K)
 Metaspace       used 93319K, committed 93952K, reserved 1179648K
  class space    used 13036K, committed 13312K, reserved 1048576K
}
Event: 13228.292 GC heap after
{Heap after GC invocations=124 (full 1):
 garbage-first heap   total 100352K, used 53420K [0x0000000083600000, 0x0000000100000000)
  region size 1024K, 1 young (1024K), 1 survivors (1024K)
 Metaspace       used 93319K, committed 93952K, reserved 1179648K
  class space    used 13036K, committed 13312K, reserved 1048576K
}
Event: 13230.074 GC heap before
{Heap before GC invocations=124 (full 1):
 garbage-first heap   total 100352K, used 55468K [0x0000000083600000, 0x0000000100000000)
  region size 1024K, 4 young (4096K), 1 survivors (1024K)
 Metaspace       used 93322K, committed 93952K, reserved 1179648K
  class space    used 13037K, committed 13312K, reserved 1048576K
}
Event: 13230.178 GC heap after
{Heap after GC invocations=125 (full 2):
 garbage-first heap   total 100352K, used 34286K [0x0000000083600000, 0x0000000100000000)
  region size 1024K, 0 young (0K), 0 survivors (0K)
 Metaspace       used 93212K, committed 93952K, reserved 1179648K
  class space    used 13015K, committed 13312K, reserved 1048576K
}
Event: 13232.995 GC heap before
{Heap before GC invocations=125 (full 2):
 garbage-first heap   total 100352K, used 79342K [0x0000000083600000, 0x0000000100000000)
  region size 1024K, 44 young (45056K), 0 survivors (0K)
 Metaspace       used 93562K, committed 94144K, reserved 1179648K
  class space    used 13061K, committed 13312K, reserved 1048576K
}
Event: 13232.999 GC heap after
{Heap after GC invocations=126 (full 2):
 garbage-first heap   total 100352K, used 38118K [0x0000000083600000, 0x0000000100000000)
  region size 1024K, 4 young (4096K), 4 survivors (4096K)
 Metaspace       used 93562K, committed 94144K, reserved 1179648K
  class space    used 13061K, committed 13312K, reserved 1048576K
}
Event: 13233.793 GC heap before
{Heap before GC invocations=126 (full 2):
 garbage-first heap   total 100352K, used 78054K [0x0000000083600000, 0x0000000100000000)
  region size 1024K, 44 young (45056K), 4 survivors (4096K)
 Metaspace       used 93690K, committed 94336K, reserved 1179648K
  class space    used 13082K, committed 13376K, reserved 1048576K
}
Event: 13233.799 GC heap after
{Heap after GC invocations=127 (full 2):
 garbage-first heap   total 100352K, used 40484K [0x0000000083600000, 0x0000000100000000)
  region size 1024K, 3 young (3072K), 3 survivors (3072K)
 Metaspace       used 93690K, committed 94336K, reserved 1179648K
  class space    used 13082K, committed 13376K, reserved 1048576K
}
Event: 13234.080 GC heap before
{Heap before GC invocations=127 (full 2):
 garbage-first heap   total 100352K, used 79396K [0x0000000083600000, 0x0000000100000000)
  region size 1024K, 41 young (41984K), 3 survivors (3072K)
 Metaspace       used 93932K, committed 94592K, reserved 1179648K
  class space    used 13097K, committed 13376K, reserved 1048576K
}
Event: 13234.084 GC heap after
{Heap after GC invocations=128 (full 2):
 garbage-first heap   total 100352K, used 41741K [0x0000000083600000, 0x0000000100000000)
  region size 1024K, 4 young (4096K), 4 survivors (4096K)
 Metaspace       used 93932K, committed 94592K, reserved 1179648K
  class space    used 13097K, committed 13376K, reserved 1048576K
}
Event: 13234.324 GC heap before
{Heap before GC invocations=128 (full 2):
 garbage-first heap   total 100352K, used 79629K [0x0000000083600000, 0x0000000100000000)
  region size 1024K, 41 young (41984K), 4 survivors (4096K)
 Metaspace       used 94208K, committed 94848K, reserved 1179648K
  class space    used 13122K, committed 13376K, reserved 1048576K
}

Dll operation events (9 events):
Event: 0.007 Loaded shared library D:\sts-4.19.1.RELEASE\plugins\org.eclipse.justj.openjdk.hotspot.jre.full.win32.x86_64_17.0.7.v20230425-1502\jre\bin\java.dll
Event: 0.224 Loaded shared library D:\sts-4.19.1.RELEASE\plugins\org.eclipse.justj.openjdk.hotspot.jre.full.win32.x86_64_17.0.7.v20230425-1502\jre\bin\jimage.dll
Event: 0.247 Loaded shared library D:\sts-4.19.1.RELEASE\plugins\org.eclipse.justj.openjdk.hotspot.jre.full.win32.x86_64_17.0.7.v20230425-1502\jre\bin\net.dll
Event: 0.249 Loaded shared library D:\sts-4.19.1.RELEASE\plugins\org.eclipse.justj.openjdk.hotspot.jre.full.win32.x86_64_17.0.7.v20230425-1502\jre\bin\nio.dll
Event: 0.254 Loaded shared library D:\sts-4.19.1.RELEASE\plugins\org.eclipse.justj.openjdk.hotspot.jre.full.win32.x86_64_17.0.7.v20230425-1502\jre\bin\zip.dll
Event: 0.339 Loaded shared library D:\sts-4.19.1.RELEASE\plugins\org.eclipse.justj.openjdk.hotspot.jre.full.win32.x86_64_17.0.7.v20230425-1502\jre\bin\management.dll
Event: 0.361 Loaded shared library D:\sts-4.19.1.RELEASE\plugins\org.eclipse.justj.openjdk.hotspot.jre.full.win32.x86_64_17.0.7.v20230425-1502\jre\bin\management_ext.dll
Event: 2.017 Loaded shared library D:\sts-4.19.1.RELEASE\plugins\org.eclipse.justj.openjdk.hotspot.jre.full.win32.x86_64_17.0.7.v20230425-1502\jre\bin\sunmscapi.dll
Event: 3.786 Loaded shared library D:\sts-4.19.1.RELEASE\plugins\org.eclipse.justj.openjdk.hotspot.jre.full.win32.x86_64_17.0.7.v20230425-1502\jre\bin\verify.dll

Deoptimization events (20 events):
Event: 1.520 Thread 0x000001afd6c44540 DEOPT PACKING pc=0x000001afcc0da919 sp=0x0000003358cfcab0
Event: 1.520 Thread 0x000001afd6c44540 DEOPT UNPACKING pc=0x000001afcbcaace3 sp=0x0000003358cfbf90 mode 3
Event: 1.734 Thread 0x000001afd6c44540 DEOPT PACKING pc=0x000001afcc24e655 sp=0x0000003358cfd0e0
Event: 1.734 Thread 0x000001afd6c44540 DEOPT UNPACKING pc=0x000001afcbcaace3 sp=0x0000003358cfc588 mode 3
Event: 2.864 Thread 0x000001afd6c44540 DEOPT PACKING pc=0x000001afcc4bf599 sp=0x0000003358cfd510
Event: 2.864 Thread 0x000001afd6c44540 DEOPT UNPACKING pc=0x000001afcbcaace3 sp=0x0000003358cfc9f0 mode 3
Event: 4.002 Thread 0x000001afd6c44540 DEOPT PACKING pc=0x000001afcc53fafd sp=0x0000003358cf6150
Event: 4.002 Thread 0x000001afd6c44540 DEOPT UNPACKING pc=0x000001afcbcaace3 sp=0x0000003358cf56b8 mode 3
Event: 6.071 Thread 0x000001afd6c44540 DEOPT PACKING pc=0x000001afcc0f6294 sp=0x0000003358cfab70
Event: 6.071 Thread 0x000001afd6c44540 DEOPT UNPACKING pc=0x000001afcbcaace3 sp=0x0000003358cfa0c8 mode 0
Event: 6.321 Thread 0x000001afd6c44540 DEOPT PACKING pc=0x000001afcc29b242 sp=0x0000003358cfc3d0
Event: 6.321 Thread 0x000001afd6c44540 DEOPT UNPACKING pc=0x000001afcbcaace3 sp=0x0000003358cfb8d8 mode 3
Event: 929.978 Thread 0x000001afd6ecd0c0 DEOPT PACKING pc=0x000001afcc1186fb sp=0x000000335a5fbb50
Event: 929.978 Thread 0x000001afd6ecd0c0 DEOPT UNPACKING pc=0x000001afcbcaace3 sp=0x000000335a5fb078 mode 3
Event: 1142.462 Thread 0x000001afd6ec9700 DEOPT PACKING pc=0x000001afcc1c172b sp=0x000000335a6fa850
Event: 1142.462 Thread 0x000001afd6ec9700 DEOPT UNPACKING pc=0x000001afcbcaace3 sp=0x000000335a6f9d60 mode 3
Event: 6701.885 Thread 0x000001afd6ec9230 DEOPT PACKING pc=0x000001afcd170920 sp=0x000000335a4f71f0
Event: 6701.885 Thread 0x000001afd6ec9230 DEOPT UNPACKING pc=0x000001afcbcaace3 sp=0x000000335a4f66c0 mode 3
Event: 13234.056 Thread 0x000001afd6ecd0c0 DEOPT PACKING pc=0x000001afcd5ac8cc sp=0x0000003358dfd2e0
Event: 13234.056 Thread 0x000001afd6ecd0c0 DEOPT UNPACKING pc=0x000001afcbcaace3 sp=0x0000003358dfc778 mode 3

Classes unloaded (20 events):
Event: 13230.100 Thread 0x000001afd6283490 Unloading class 0x0000000100c93000 'jdk/internal/reflect/GeneratedMethodAccessor59'
Event: 13230.100 Thread 0x000001afd6283490 Unloading class 0x0000000100c92c00 'jdk/internal/reflect/GeneratedMethodAccessor58'
Event: 13230.100 Thread 0x000001afd6283490 Unloading class 0x0000000100c91c00 'jdk/internal/reflect/GeneratedMethodAccessor55'
Event: 13230.100 Thread 0x000001afd6283490 Unloading class 0x0000000100c91800 'jdk/internal/reflect/GeneratedMethodAccessor54'
Event: 13230.100 Thread 0x000001afd6283490 Unloading class 0x0000000100c91400 'jdk/internal/reflect/GeneratedMethodAccessor53'
Event: 13230.100 Thread 0x000001afd6283490 Unloading class 0x0000000100c91000 'jdk/internal/reflect/GeneratedMethodAccessor52'
Event: 13230.100 Thread 0x000001afd6283490 Unloading class 0x0000000100c90c00 'jdk/internal/reflect/GeneratedMethodAccessor51'
Event: 13230.100 Thread 0x000001afd6283490 Unloading class 0x0000000100c90800 'jdk/internal/reflect/GeneratedMethodAccessor50'
Event: 13230.100 Thread 0x000001afd6283490 Unloading class 0x0000000100c90400 'jdk/internal/reflect/GeneratedMethodAccessor49'
Event: 13230.100 Thread 0x000001afd6283490 Unloading class 0x0000000100c90000 'jdk/internal/reflect/GeneratedMethodAccessor48'
Event: 13230.100 Thread 0x000001afd6283490 Unloading class 0x0000000100c8bc00 'jdk/internal/reflect/GeneratedMethodAccessor47'
Event: 13230.100 Thread 0x000001afd6283490 Unloading class 0x0000000100c8b800 'jdk/internal/reflect/GeneratedMethodAccessor46'
Event: 13230.100 Thread 0x000001afd6283490 Unloading class 0x0000000100c8ac00 'jdk/internal/reflect/GeneratedMethodAccessor45'
Event: 13230.100 Thread 0x000001afd6283490 Unloading class 0x0000000100c8a800 'jdk/internal/reflect/GeneratedConstructorAccessor55'
Event: 13230.100 Thread 0x000001afd6283490 Unloading class 0x0000000100c8a400 'jdk/internal/reflect/GeneratedMethodAccessor44'
Event: 13230.100 Thread 0x000001afd6283490 Unloading class 0x0000000100c8a000 'jdk/internal/reflect/GeneratedMethodAccessor43'
Event: 13230.100 Thread 0x000001afd6283490 Unloading class 0x0000000100c89c00 'jdk/internal/reflect/GeneratedMethodAccessor42'
Event: 13230.100 Thread 0x000001afd6283490 Unloading class 0x0000000100c89800 'jdk/internal/reflect/GeneratedConstructorAccessor54'
Event: 13230.100 Thread 0x000001afd6283490 Unloading class 0x0000000100c81c00 'jdk/internal/reflect/GeneratedConstructorAccessor49'
Event: 13230.101 Thread 0x000001afd6283490 Unloading class 0x0000000100cc9800 'org/apache/catalina/loader/JdbcLeakPrevention'

Classes redefined (0 events):
No events

Internal exceptions (20 events):
Event: 13230.066 Thread 0x000001afd6ec83c0 Exception <a 'java/io/IOException'{0x000000008944f088}> (0x000000008944f088) 
thrown [s\src\hotspot\share\prims\jni.cpp, line 516]
Event: 13230.067 Thread 0x000001afd6ec83c0 Exception <a 'java/io/IOException'{0x00000000894518a8}> (0x00000000894518a8) 
thrown [s\src\hotspot\share\prims\jni.cpp, line 516]
Event: 13230.067 Thread 0x000001afd6ec83c0 Exception <a 'java/io/IOException'{0x00000000894523e8}> (0x00000000894523e8) 
thrown [s\src\hotspot\share\prims\jni.cpp, line 516]
Event: 13230.073 Thread 0x000001afd6ec9230 Exception <a 'java/lang/InterruptedException'{0x000000008947d560}: sleep interrupted> (0x000000008947d560) 
thrown [s\src\hotspot\share\prims\jvm.cpp, line 3070]
Event: 13230.367 Thread 0x000001afd6ecd0c0 Exception <a 'sun/nio/fs/WindowsException'{0x000000008b3b1e18}> (0x000000008b3b1e18) 
thrown [s\src\hotspot\share\prims\jni.cpp, line 516]
Event: 13230.447 Thread 0x000001afd6ecd0c0 Exception <a 'sun/nio/fs/WindowsException'{0x000000008942dbe0}> (0x000000008942dbe0) 
thrown [s\src\hotspot\share\prims\jni.cpp, line 516]
Event: 13231.828 Thread 0x000001afd6ecd0c0 Exception <a 'sun/nio/fs/WindowsException'{0x0000000087bf5720}> (0x0000000087bf5720) 
thrown [s\src\hotspot\share\prims\jni.cpp, line 516]
Event: 13232.172 Thread 0x000001afd6ecd0c0 Exception <a 'sun/nio/fs/WindowsException'{0x0000000087881810}> (0x0000000087881810) 
thrown [s\src\hotspot\share\prims\jni.cpp, line 516]
Event: 13232.905 Thread 0x000001afd6ecd0c0 Exception <a 'java/lang/NoClassDefFoundError'{0x0000000087165468}: org/flywaydb/core/Flyway> (0x0000000087165468) 
thrown [s\src\hotspot\share\oops\constantPool.cpp, line 835]
Event: 13232.905 Thread 0x000001afd6ecd0c0 Exception <a 'java/lang/NoClassDefFoundError'{0x0000000087165ab8}: liquibase/integration/spring/SpringLiquibase> (0x0000000087165ab8) 
thrown [s\src\hotspot\share\oops\constantPool.cpp, line 835]
Event: 13232.918 Thread 0x000001afd6ecd0c0 Exception <a 'java/lang/NoClassDefFoundError'{0x0000000087000150}: org/jooq/DSLContext> (0x0000000087000150) 
thrown [s\src\hotspot\share\oops\constantPool.cpp, line 835]
Event: 13232.919 Thread 0x000001afd6ecd0c0 Exception <a 'java/lang/NoClassDefFoundError'{0x0000000087013c10}: org/springframework/batch/core/repository/JobRepository> (0x0000000087013c10) 
thrown [s\src\hotspot\share\oops\constantPool.cpp, line 835]
Event: 13232.919 Thread 0x000001afd6ecd0c0 Exception <a 'java/lang/NoClassDefFoundError'{0x0000000087014258}: org/quartz/Scheduler> (0x0000000087014258) 
thrown [s\src\hotspot\share\oops\constantPool.cpp, line 835]
Event: 13232.919 Thread 0x000001afd6ecd0c0 Exception <a 'java/lang/NoClassDefFoundError'{0x00000000870148c8}: org/springframework/session/jdbc/JdbcIndexedSessionRepository> (0x00000000870148c8) 
thrown [s\src\hotspot\share\oops\constantPool.cpp, line 835]
Event: 13233.066 Thread 0x000001afd6ecd0c0 Exception <a 'sun/nio/fs/WindowsException'{0x0000000089324b40}> (0x0000000089324b40) 
thrown [s\src\hotspot\share\prims\jni.cpp, line 516]
Event: 13233.066 Thread 0x000001afd6ecd0c0 Exception <a 'sun/nio/fs/WindowsException'{0x0000000089325148}> (0x0000000089325148) 
thrown [s\src\hotspot\share\prims\jni.cpp, line 516]
Event: 13233.066 Thread 0x000001afd6ecd0c0 Exception <a 'sun/nio/fs/WindowsException'{0x0000000089325820}> (0x0000000089325820) 
thrown [s\src\hotspot\share\prims\jni.cpp, line 516]
Event: 13233.081 Thread 0x000001afd6ecd0c0 Exception <a 'java/io/FileNotFoundException'{0x0000000089361ca0}> (0x0000000089361ca0) 
thrown [s\src\hotspot\share\prims\jni.cpp, line 516]
Event: 13233.235 Thread 0x000001afd6ecd0c0 Exception <a 'sun/nio/fs/WindowsException'{0x0000000088c83e00}> (0x0000000088c83e00) 
thrown [s\src\hotspot\share\prims\jni.cpp, line 516]
Event: 13233.926 Thread 0x000001afd6ecd0c0 Exception <a 'java/io/FileNotFoundException'{0x000000008822e7c8}> (0x000000008822e7c8) 
thrown [s\src\hotspot\share\prims\jni.cpp, line 516]

VM Operations (20 events):
Event: 13224.751 Executing VM operation: G1Concurrent done
Event: 13224.783 Executing VM operation: G1Concurrent
Event: 13224.783 Executing VM operation: G1Concurrent done
Event: 13225.587 Executing VM operation: G1CollectForAllocation
Event: 13225.593 Executing VM operation: G1CollectForAllocation done
Event: 13228.280 Executing VM operation: G1CollectForAllocation
Event: 13228.292 Executing VM operation: G1CollectForAllocation done
Event: 13230.073 Executing VM operation: G1CollectFull
Event: 13230.179 Executing VM operation: G1CollectFull done
Event: 13231.190 Executing VM operation: Cleanup
Event: 13231.194 Executing VM operation: Cleanup done
Event: 13232.200 Executing VM operation: Cleanup
Event: 13232.200 Executing VM operation: Cleanup done
Event: 13232.995 Executing VM operation: G1CollectForAllocation
Event: 13232.999 Executing VM operation: G1CollectForAllocation done
Event: 13233.793 Executing VM operation: G1CollectForAllocation
Event: 13233.799 Executing VM operation: G1CollectForAllocation done
Event: 13234.080 Executing VM operation: G1CollectForAllocation
Event: 13234.084 Executing VM operation: G1CollectForAllocation done
Event: 13234.324 Executing VM operation: G1CollectForAllocation

Events (20 events):
Event: 13230.020 Thread 0x000001afd6ec83c0 Thread exited: 0x000001afd6ec83c0
Event: 13230.020 Thread 0x000001afd6ec8890 Thread exited: 0x000001afd6ec8890
Event: 13230.025 Thread 0x000001afd6ec83c0 Thread added: 0x000001afd6ec83c0
Event: 13230.025 Thread 0x000001afd6ecaa40 Thread exited: 0x000001afd6ecaa40
Event: 13230.068 Thread 0x000001afd6ec83c0 Thread exited: 0x000001afd6ec83c0
Event: 13230.073 Thread 0x000001afd6ecb8b0 Thread exited: 0x000001afd6ecb8b0
Event: 13230.073 Thread 0x000001afd6ec5d40 Thread exited: 0x000001afd6ec5d40
Event: 13230.073 Thread 0x000001afd6ec9230 Thread exited: 0x000001afd6ec9230
Event: 13230.179 Thread 0x000001afd6ec8d60 Thread added: 0x000001afd6ec8d60
Event: 13230.213 Thread 0x000001afd6ec8d60 Thread exited: 0x000001afd6ec8d60
Event: 13230.213 Thread 0x000001afd6ecd0c0 Thread added: 0x000001afd6ecd0c0
Event: 13230.614 Thread 0x000001afd6ec6bb0 Thread added: 0x000001afd6ec6bb0
Event: 13230.746 Thread 0x000001afd6ec6bb0 Thread exited: 0x000001afd6ec6bb0
Event: 13233.280 Thread 0x000001afd6ec83c0 Thread added: 0x000001afd6ec83c0
Event: 13233.290 Thread 0x000001afe2a16630 Thread added: 0x000001afe2a16630
Event: 13233.385 Thread 0x000001afd6ecbd80 Thread added: 0x000001afd6ecbd80
Event: 13233.666 Thread 0x000001afe2585880 Thread added: 0x000001afe2585880
Event: 13233.927 Thread 0x000001afd6ecaa40 Thread added: 0x000001afd6ecaa40
Event: 13233.927 Thread 0x000001afd6ec6210 Thread added: 0x000001afd6ec6210
Event: 13233.928 Thread 0x000001afd6ec9230 Thread added: 0x000001afd6ec9230


Dynamic libraries:
0x00007ff737740000 - 0x00007ff73774e000 	D:\sts-4.19.1.RELEASE\plugins\org.eclipse.justj.openjdk.hotspot.jre.full.win32.x86_64_17.0.7.v20230425-1502\jre\bin\javaw.exe
0x00007ffd04bb0000 - 0x00007ffd04da8000 	C:\WINDOWS\SYSTEM32\ntdll.dll
0x00007ffd04880000 - 0x00007ffd0493d000 	C:\WINDOWS\System32\KERNEL32.DLL
0x00007ffd025a0000 - 0x00007ffd02896000 	C:\WINDOWS\System32\KERNELBASE.dll
0x00007ffd02ae0000 - 0x00007ffd02be0000 	C:\WINDOWS\System32\ucrtbase.dll
0x00007ffcda720000 - 0x00007ffcda737000 	D:\sts-4.19.1.RELEASE\plugins\org.eclipse.justj.openjdk.hotspot.jre.full.win32.x86_64_17.0.7.v20230425-1502\jre\bin\jli.dll
0x00007ffc981b0000 - 0x00007ffc981c9000 	D:\sts-4.19.1.RELEASE\plugins\org.eclipse.justj.openjdk.hotspot.jre.full.win32.x86_64_17.0.7.v20230425-1502\jre\bin\VCRUNTIME140.dll
0x00007ffd02db0000 - 0x00007ffd02f4e000 	C:\WINDOWS\System32\USER32.dll
0x00007ffcf03d0000 - 0x00007ffcf066a000 	C:\WINDOWS\WinSxS\amd64_microsoft.windows.common-controls_6595b64144ccf1df_6.0.19041.3636_none_60b6a03d71f818d5\COMCTL32.dll
0x00007ffd02f50000 - 0x00007ffd02fee000 	C:\WINDOWS\System32\msvcrt.dll
0x00007ffd02370000 - 0x00007ffd02392000 	C:\WINDOWS\System32\win32u.dll
0x00007ffd04850000 - 0x00007ffd0487b000 	C:\WINDOWS\System32\GDI32.dll
0x00007ffd02950000 - 0x00007ffd02a67000 	C:\WINDOWS\System32\gdi32full.dll
0x00007ffd023a0000 - 0x00007ffd0243d000 	C:\WINDOWS\System32\msvcp_win.dll
0x00007ffd03550000 - 0x00007ffd03582000 	C:\WINDOWS\System32\IMM32.DLL
0x00007ffcf06a0000 - 0x00007ffcf06ac000 	D:\sts-4.19.1.RELEASE\plugins\org.eclipse.justj.openjdk.hotspot.jre.full.win32.x86_64_17.0.7.v20230425-1502\jre\bin\vcruntime140_1.dll
0x00007ffc93e30000 - 0x00007ffc93ec1000 	D:\sts-4.19.1.RELEASE\plugins\org.eclipse.justj.openjdk.hotspot.jre.full.win32.x86_64_17.0.7.v20230425-1502\jre\bin\msvcp140.dll
0x00007ffcba7b0000 - 0x00007ffcbb3f8000 	D:\sts-4.19.1.RELEASE\plugins\org.eclipse.justj.openjdk.hotspot.jre.full.win32.x86_64_17.0.7.v20230425-1502\jre\bin\server\jvm.dll
0x00007ffd03000000 - 0x00007ffd030b0000 	C:\WINDOWS\System32\ADVAPI32.dll
0x00007ffd03160000 - 0x00007ffd03200000 	C:\WINDOWS\System32\sechost.dll
0x00007ffd033b0000 - 0x00007ffd034d5000 	C:\WINDOWS\System32\RPCRT4.dll
0x00007ffd02340000 - 0x00007ffd02367000 	C:\WINDOWS\System32\bcrypt.dll
0x00007ffce5520000 - 0x00007ffce5547000 	C:\WINDOWS\SYSTEM32\WINMM.dll
0x00007ffcfc280000 - 0x00007ffcfc289000 	C:\WINDOWS\SYSTEM32\WSOCK32.dll
0x00007ffd03a30000 - 0x00007ffd03a9b000 	C:\WINDOWS\System32\WS2_32.dll
0x00007ffcf3ad0000 - 0x00007ffcf3ada000 	C:\WINDOWS\SYSTEM32\VERSION.dll
0x00007ffd00110000 - 0x00007ffd00122000 	C:\WINDOWS\SYSTEM32\kernel.appcore.dll
0x00007ffcf1400000 - 0x00007ffcf140a000 	D:\sts-4.19.1.RELEASE\plugins\org.eclipse.justj.openjdk.hotspot.jre.full.win32.x86_64_17.0.7.v20230425-1502\jre\bin\jimage.dll
0x00007ffcf1480000 - 0x00007ffcf1664000 	C:\WINDOWS\SYSTEM32\DBGHELP.DLL
0x00007ffcebee0000 - 0x00007ffcebf14000 	C:\WINDOWS\SYSTEM32\dbgcore.DLL
0x00007ffd022b0000 - 0x00007ffd02332000 	C:\WINDOWS\System32\bcryptPrimitives.dll
0x00007ffcd7980000 - 0x00007ffcd79a5000 	D:\sts-4.19.1.RELEASE\plugins\org.eclipse.justj.openjdk.hotspot.jre.full.win32.x86_64_17.0.7.v20230425-1502\jre\bin\java.dll
0x00007ffccfee0000 - 0x00007ffccfef8000 	D:\sts-4.19.1.RELEASE\plugins\org.eclipse.justj.openjdk.hotspot.jre.full.win32.x86_64_17.0.7.v20230425-1502\jre\bin\zip.dll
0x00007ffd03aa0000 - 0x00007ffd0420b000 	C:\WINDOWS\System32\SHELL32.dll
0x00007ffd00310000 - 0x00007ffd00aae000 	C:\WINDOWS\SYSTEM32\windows.storage.dll
0x00007ffd042d0000 - 0x00007ffd04623000 	C:\WINDOWS\System32\combase.dll
0x00007ffd01bc0000 - 0x00007ffd01bee000 	C:\WINDOWS\SYSTEM32\Wldp.dll
0x00007ffd04aa0000 - 0x00007ffd04b6d000 	C:\WINDOWS\System32\OLEAUT32.dll
0x00007ffd02d00000 - 0x00007ffd02dad000 	C:\WINDOWS\System32\SHCORE.dll
0x00007ffd04210000 - 0x00007ffd04265000 	C:\WINDOWS\System32\shlwapi.dll
0x00007ffd02190000 - 0x00007ffd021b5000 	C:\WINDOWS\SYSTEM32\profapi.dll
0x00007ffccfcf0000 - 0x00007ffccfd09000 	D:\sts-4.19.1.RELEASE\plugins\org.eclipse.justj.openjdk.hotspot.jre.full.win32.x86_64_17.0.7.v20230425-1502\jre\bin\net.dll
0x00007ffcfa960000 - 0x00007ffcfaa6a000 	C:\WINDOWS\SYSTEM32\WINHTTP.dll
0x00007ffd01920000 - 0x00007ffd0198a000 	C:\WINDOWS\system32\mswsock.dll
0x00007ffcccfe0000 - 0x00007ffcccff5000 	D:\sts-4.19.1.RELEASE\plugins\org.eclipse.justj.openjdk.hotspot.jre.full.win32.x86_64_17.0.7.v20230425-1502\jre\bin\nio.dll
0x00007ffccfd70000 - 0x00007ffccfd79000 	D:\sts-4.19.1.RELEASE\plugins\org.eclipse.justj.openjdk.hotspot.jre.full.win32.x86_64_17.0.7.v20230425-1502\jre\bin\management.dll
0x00007ffccfbd0000 - 0x00007ffccfbdb000 	D:\sts-4.19.1.RELEASE\plugins\org.eclipse.justj.openjdk.hotspot.jre.full.win32.x86_64_17.0.7.v20230425-1502\jre\bin\management_ext.dll
0x00007ffd03a00000 - 0x00007ffd03a08000 	C:\WINDOWS\System32\PSAPI.DLL
0x00007ffcdbd00000 - 0x00007ffcdbd17000 	C:\WINDOWS\system32\napinsp.dll
0x00007ffcdbce0000 - 0x00007ffcdbcfb000 	C:\WINDOWS\system32\pnrpnsp.dll
0x00007ffcfce20000 - 0x00007ffcfce35000 	C:\WINDOWS\system32\wshbth.dll
0x00007ffcfdb70000 - 0x00007ffcfdb8d000 	C:\WINDOWS\system32\NLAapi.dll
0x00007ffd01610000 - 0x00007ffd0164b000 	C:\WINDOWS\SYSTEM32\IPHLPAPI.DLL
0x00007ffd01650000 - 0x00007ffd0171b000 	C:\WINDOWS\SYSTEM32\DNSAPI.dll
0x00007ffd02ff0000 - 0x00007ffd02ff8000 	C:\WINDOWS\System32\NSI.dll
0x00007ffcdbcc0000 - 0x00007ffcdbcd2000 	C:\WINDOWS\System32\winrnr.dll
0x00007ffcfb5a0000 - 0x00007ffcfb5aa000 	C:\Windows\System32\rasadhlp.dll
0x00007ffcf7a60000 - 0x00007ffcf7ae0000 	C:\WINDOWS\System32\fwpuclnt.dll
0x00007ffd01b10000 - 0x00007ffd01b28000 	C:\WINDOWS\SYSTEM32\CRYPTSP.dll
0x00007ffd01250000 - 0x00007ffd01284000 	C:\WINDOWS\system32\rsaenh.dll
0x00007ffd02110000 - 0x00007ffd0213e000 	C:\WINDOWS\SYSTEM32\USERENV.dll
0x00007ffd01b30000 - 0x00007ffd01b3c000 	C:\WINDOWS\SYSTEM32\CRYPTBASE.dll
0x00007ffcfc310000 - 0x00007ffcfc327000 	C:\WINDOWS\SYSTEM32\dhcpcsvc6.DLL
0x00007ffcfc2f0000 - 0x00007ffcfc30d000 	C:\WINDOWS\SYSTEM32\dhcpcsvc.DLL
0x00007ffcf06b0000 - 0x00007ffcf06be000 	D:\sts-4.19.1.RELEASE\plugins\org.eclipse.justj.openjdk.hotspot.jre.full.win32.x86_64_17.0.7.v20230425-1502\jre\bin\sunmscapi.dll
0x00007ffd02440000 - 0x00007ffd0259d000 	C:\WINDOWS\System32\CRYPT32.dll
0x00007ffd01c30000 - 0x00007ffd01c58000 	C:\WINDOWS\SYSTEM32\ncrypt.dll
0x00007ffd01bf0000 - 0x00007ffd01c2b000 	C:\WINDOWS\SYSTEM32\NTASN1.dll
0x00007ffcf13e0000 - 0x00007ffcf13f0000 	D:\sts-4.19.1.RELEASE\plugins\org.eclipse.justj.openjdk.hotspot.jre.full.win32.x86_64_17.0.7.v20230425-1502\jre\bin\verify.dll
0x00007ffcef6b0000 - 0x00007ffcef6b7000 	C:\WINDOWS\system32\wshunix.dll

dbghelp: loaded successfully - version: 4.0.5 - missing functions: none
symbol engine: initialized successfully - sym options: 0x614 - pdb path: .;D:\sts-4.19.1.RELEASE\plugins\org.eclipse.justj.openjdk.hotspot.jre.full.win32.x86_64_17.0.7.v20230425-1502\jre\bin;C:\WINDOWS\SYSTEM32;C:\WINDOWS\WinSxS\amd64_microsoft.windows.common-controls_6595b64144ccf1df_6.0.19041.3636_none_60b6a03d71f818d5;D:\sts-4.19.1.RELEASE\plugins\org.eclipse.justj.openjdk.hotspot.jre.full.win32.x86_64_17.0.7.v20230425-1502\jre\bin\server

VM Arguments:
jvm_args: -Dcom.sun.management.jmxremote -Dcom.sun.management.jmxremote.port=50534 -Dcom.sun.management.jmxremote.authenticate=false -Dcom.sun.management.jmxremote.ssl=false -Djava.rmi.server.hostname=localhost -Dspring.jmx.enabled=true -Dmanagement.endpoints.jmx.exposure.include=* -Dspring.application.admin.enabled=true -XX:TieredStopAtLevel=1 -Dspring.boot.project.name=DATN_WEB_BAN_DO_NOI_THAT -Dfile.encoding=UTF-8 -XX:+ShowCodeDetailsInExceptionMessages 
java_command: com.binh.DatnWebBanDoNoiThatApplicationn --spring.output.ansi.enabled=always
java_class_path (initial): C:\Users\ACER\Desktop\VTI\Spring\DATN_WEB_BAN_DO_NOI_THAT\target\classes;C:\Users\ACER\.m2\repository\org\springframework\boot\spring-boot-starter-web\3.2.1\spring-boot-starter-web-3.2.1.jar;C:\Users\ACER\.m2\repository\org\springframework\boot\spring-boot-starter\3.2.1\spring-boot-starter-3.2.1.jar;C:\Users\ACER\.m2\repository\org\springframework\boot\spring-boot-starter-logging\3.2.1\spring-boot-starter-logging-3.2.1.jar;C:\Users\ACER\.m2\repository\ch\qos\logback\logback-classic\1.4.14\logback-classic-1.4.14.jar;C:\Users\ACER\.m2\repository\ch\qos\logback\logback-core\1.4.14\logback-core-1.4.14.jar;C:\Users\ACER\.m2\repository\org\apache\logging\log4j\log4j-to-slf4j\2.21.1\log4j-to-slf4j-2.21.1.jar;C:\Users\ACER\.m2\repository\org\apache\logging\log4j\log4j-api\2.21.1\log4j-api-2.21.1.jar;C:\Users\ACER\.m2\repository\org\slf4j\jul-to-slf4j\2.0.9\jul-to-slf4j-2.0.9.jar;C:\Users\ACER\.m2\repository\jakarta\annotation\jakarta.annotation-api\2.1.1\jakarta.annotation-api-2.1.1.jar;C:\Users\ACER\.m2\repository\org\yaml\snakeyaml\2.2\snakeyaml-2.2.jar;C:\Users\ACER\.m2\repository\org\springframework\boot\spring-boot-starter-json\3.2.1\spring-boot-starter-json-3.2.1.jar;C:\Users\ACER\.m2\repository\com\fasterxml\jackson\datatype\jackson-datatype-jdk8\2.15.3\jackson-datatype-jdk8-2.15.3.jar;C:\Users\ACER\.m2\repository\com\fasterxml\jackson\datatype\jackson-datatype-jsr310\2.15.3\jackson-datatype-jsr310-2.15.3.jar;C:\Users\ACER\.m2\repository\com\fasterxml\jackson\module\jackson-module-parameter-names\2.15.3\jackson-module-parameter-names-2.15.3.jar;C:\Users\ACER\.m2\repository\org\springframework\boot\spring-boot-starter-tomcat\3.2.1\spring-boot-starter-tomcat-3.2.1.jar;C:\Users\ACER\.m2\repository\org\apache\tomcat\embed\tomcat-embed-core\10.1.17\tomcat-embed-core-10.1.17.jar;C:\Users\ACER\.m2\repository\org\apache\tomcat\embed\tomcat-embed-websocket\10.1.17\tomcat-embed-websocket-10.1.17.jar;C:\Users\ACER\.m2\repository\org\springframework\
Launcher Type: SUN_STANDARD

[Global flags]
     intx CICompilerCount                          = 4                                         {product} {ergonomic}
     uint ConcGCThreads                            = 2                                         {product} {ergonomic}
     uint G1ConcRefinementThreads                  = 8                                         {product} {ergonomic}
   size_t G1HeapRegionSize                         = 1048576                                   {product} {ergonomic}
    uintx GCDrainStackTargetSize                   = 64                                        {product} {ergonomic}
   size_t InitialHeapSize                          = 132120576                                 {product} {ergonomic}
     bool ManagementServer                         = true                                      {product} {command line}
   size_t MarkStackSize                            = 4194304                                   {product} {ergonomic}
   size_t MaxHeapSize                              = 2090860544                                {product} {ergonomic}
   size_t MaxNewSize                               = 1254096896                                {product} {ergonomic}
   size_t MinHeapDeltaBytes                        = 1048576                                   {product} {ergonomic}
   size_t MinHeapSize                              = 8388608                                   {product} {ergonomic}
    uintx NonProfiledCodeHeapSize                  = 0                                      {pd product} {ergonomic}
     bool ProfileInterpreter                       = false                                  {pd product} {command line}
    uintx ProfiledCodeHeapSize                     = 0                                      {pd product} {ergonomic}
     bool ShowCodeDetailsInExceptionMessages       = true                                   {manageable} {command line}
   size_t SoftMaxHeapSize                          = 2090860544                             {manageable} {ergonomic}
     intx TieredStopAtLevel                        = 1                                         {product} {command line}
     bool UseCompressedClassPointers               = true                           {product lp64_product} {ergonomic}
     bool UseCompressedOops                        = true                           {product lp64_product} {ergonomic}
     bool UseG1GC                                  = true                                      {product} {ergonomic}
     bool UseLargePagesIndividualAllocation        = false                                  {pd product} {ergonomic}

Logging:
Log output configuration:
 #0: stdout all=warning uptime,level,tags
 #1: stderr all=off uptime,level,tags

Environment Variables:
JAVA_HOME=D:\jdk1.8.0_191
PATH=D:/sts-4.19.1.RELEASE//plugins/org.eclipse.justj.openjdk.hotspot.jre.full.win32.x86_64_17.0.7.v20230425-1502/jre/bin/server;D:/sts-4.19.1.RELEASE//plugins/org.eclipse.justj.openjdk.hotspot.jre.full.win32.x86_64_17.0.7.v20230425-1502/jre/bin;C:\Program Files (x86)\Razer\ChromaBroadcast\bin;C:\Program Files\Razer\ChromaBroadcast\bin;C:\Program Files\Common Files\Oracle\Java\javapath;C:\Program Files (x86)\VMware\VMware Workstation\bin\;C:\Program Files (x86)\Common Files\Oracle\Java\javapath;C:\WINDOWS\system32;C:\WINDOWS;C:\WINDOWS\System32\Wbem;C:\WINDOWS\System32\WindowsPowerShell\v1.0\;C:\WINDOWS\System32\OpenSSH\;C:\Program Files\Microsoft SQL Server\Client SDK\ODBC\170\Tools\Binn\;C:\Program Files (x86)\Microsoft SQL Server\150\Tools\Binn\;C:\Program Files\Microsoft SQL Server\150\Tools\Binn\;C:\Program Files\Microsoft SQL Server\150\DTS\Binn\;C:\Program Files (x86)\Microsoft SQL Server\150\DTS\Binn\;C:\Program Files\Azure Data Studio\bin;D:\Rational\common;D:\apache maven 3.6.0\apache-maven-3.6.0\bin;D:\apache maven 3.6.0\apache-maven-3.6.0\bin;D:\jdk1.8.0_191;C:\WINDOWS\system32\config\systemprofile\AppData\Local\Microsoft\WindowsApps;C:\Program Files\Cloudflare\Cloudflare WARP\;C:\Program Files (x86)\nodejs\;C:\Program Files\Git\cmd;C:\Program Files\MySQL\MySQL Shell 8.0\bin\;C:\Users\ACER\AppData\Local\Programs\Python\Python39\Scripts\;C:\Users\ACER\AppData\Local\Programs\Python\Python39\;C:\Users\ACER\AppData\Local\Microsoft\WindowsApps;;D:\VS studio code\Microsoft VS Code\bin;C:\Program Files\Azure Data Studio\bin;D:\IntelliJ IDEA Community Edition 2021.3.3\bin;;C:\Users\ACER\AppData\Roaming\npm;D:\sts-4.19.1.RELEASE;
USERNAME=ACER
OS=Windows_NT
PROCESSOR_IDENTIFIER=Intel64 Family 6 Model 126 Stepping 5, GenuineIntel
TMP=C:\Users\ACER\AppData\Local\Temp
TEMP=C:\Users\ACER\AppData\Local\Temp



---------------  S Y S T E M  ---------------

OS:
 Windows 10 , 64 bit Build 19041 (10.0.19041.3636)
OS uptime: 0 days 4:30 hours

CPU: total 8 (initial active 8) (4 cores per cpu, 2 threads per core) family 6 model 126 stepping 5 microcode 0x86, cx8, cmov, fxsr, ht, mmx, 3dnowpref, sse, sse2, sse3, ssse3, sse4.1, sse4.2, popcnt, lzcnt, tsc, tscinvbit, avx, avx2, aes, erms, clmul, bmi1, bmi2, adx, avx512f, avx512dq, avx512cd, avx512bw, avx512vl, sha, fma, vzeroupper, avx512_vpopcntdq, avx512_vpclmulqdq, avx512_vaes, avx512_vnni, clflush, clflushopt, avx512_vbmi2, avx512_vbmi

Memory: 4k page, system-wide physical 7969M (444M free)
TotalPageFile size 14339M (AvailPageFile size 27M)
current process WorkingSet (physical memory assigned to process): 273M, peak: 274M
current process commit charge ("private bytes"): 364M, peak: 419M

vm_info: OpenJDK 64-Bit Server VM (17.0.7+7) for windows-amd64 JRE (17.0.7+7), built on Apr 18 2023 22:10:42 by "temurin" with MS VC++ 16.7 (VS2019)

END.
